# JRE version: Java(TM) SE Runtime Environment (8.0_111-b14) (build 1.8.0_111-b14)
# Java VM: Java HotSpot(TM) 64-Bit Server VM (25.111-b14 mixed mode windows-amd64 compressed oops)
Heap:
 PSYoungGen      total 216576K, used 5777K [0x00000000eab00000, 0x00000000f9e00000, 0x0000000100000000)
  eden space 200192K, 0% used [0x00000000eab00000,0x00000000eab00000,0x00000000f6e80000)
  from space 16384K, 35% used [0x00000000f8e00000,0x00000000f93a4680,0x00000000f9e00000)
  to   space 16896K, 0% used [0x00000000f6e80000,0x00000000f6e80000,0x00000000f7f00000)
 ParOldGen       total 79360K, used 33671K [0x00000000c0000000, 0x00000000c4d80000, 0x00000000eab00000)
  object space 79360K, 42% used [0x00000000c0000000,0x00000000c20e1f60,0x00000000c4d80000)
 Metaspace       used 38798K, capacity 39508K, committed 39720K, reserved 1087488K
  class space    used 4865K, capacity 5067K, committed 5160K, reserved 1048576K
GC Heap History (10 events):
Event: 11.259 GC heap after
Heap after GC invocations=10 (full 1):
 PSYoungGen      total 141312K, used 0K [0x00000000eab00000, 0x00000000f8f80000, 0x0000000100000000)
  eden space 127488K, 0% used [0x00000000eab00000,0x00000000eab00000,0x00000000f2780000)
  from space 13824K, 0% used [0x00000000f2780000,0x00000000f2780000,0x00000000f3500000)
  to   space 14848K, 0% used [0x00000000f8100000,0x00000000f8100000,0x00000000f8f80000)
 ParOldGen       total 53760K, used 23503K [0x00000000c0000000, 0x00000000c3480000, 0x00000000eab00000)
  object space 53760K, 43% used [0x00000000c0000000,0x00000000c16f3cc8,0x00000000c3480000)
 Metaspace       used 20563K, capacity 21098K, committed 21296K, reserved 1069056K
  class space    used 2445K, capacity 2601K, committed 2688K, reserved 1048576K
}
Event: 16.155 GC heap before
{Heap before GC invocations=11 (full 1):
 PSYoungGen      total 141312K, used 127488K [0x00000000eab00000, 0x00000000f8f80000, 0x0000000100000000)
  eden space 127488K, 100% used [0x00000000eab00000,0x00000000f2780000,0x00000000f2780000)
  from space 13824K, 0% used [0x00000000f2780000,0x00000000f2780000,0x00000000f3500000)
  to   space 14848K, 0% used [0x00000000f8100000,0x00000000f8100000,0x00000000f8f80000)
 ParOldGen       total 53760K, used 23503K [0x00000000c0000000, 0x00000000c3480000, 0x00000000eab00000)
  object space 53760K, 43% used [0x00000000c0000000,0x00000000c16f3cc8,0x00000000c3480000)
 Metaspace       used 32233K, capacity 32962K, committed 33152K, reserved 1079296K
  class space    used 3934K, capacity 4120K, committed 4224K, reserved 1048576K
Event: 16.248 GC heap after
Heap after GC invocations=11 (full 1):
 PSYoungGen      total 181248K, used 14838K [0x00000000eab00000, 0x00000000f8f80000, 0x0000000100000000)
  eden space 166400K, 0% used [0x00000000eab00000,0x00000000eab00000,0x00000000f4d80000)
  from space 14848K, 99% used [0x00000000f8100000,0x00000000f8f7db30,0x00000000f8f80000)
  to   space 16896K, 0% used [0x00000000f6e80000,0x00000000f6e80000,0x00000000f7f00000)
 ParOldGen       total 53760K, used 24063K [0x00000000c0000000, 0x00000000c3480000, 0x00000000eab00000)
  object space 53760K, 44% used [0x00000000c0000000,0x00000000c177fec0,0x00000000c3480000)
 Metaspace       used 32233K, capacity 32962K, committed 33152K, reserved 1079296K
  class space    used 3934K, capacity 4120K, committed 4224K, reserved 1048576K
}
Event: 18.427 GC heap before
{Heap before GC invocations=12 (full 1):
 PSYoungGen      total 181248K, used 152871K [0x00000000eab00000, 0x00000000f8f80000, 0x0000000100000000)
  eden space 166400K, 82% used [0x00000000eab00000,0x00000000f31cc3c8,0x00000000f4d80000)
  from space 14848K, 99% used [0x00000000f8100000,0x00000000f8f7db30,0x00000000f8f80000)
  to   space 16896K, 0% used [0x00000000f6e80000,0x00000000f6e80000,0x00000000f7f00000)
 ParOldGen       total 53760K, used 24063K [0x00000000c0000000, 0x00000000c3480000, 0x00000000eab00000)
  object space 53760K, 44% used [0x00000000c0000000,0x00000000c177fec0,0x00000000c3480000)
 Metaspace       used 34752K, capacity 35430K, committed 35496K, reserved 1081344K
  class space    used 4319K, capacity 4510K, committed 4520K, reserved 1048576K
Event: 18.477 GC heap after
Heap after GC invocations=12 (full 1):
 PSYoungGen      total 217088K, used 8736K [0x00000000eab00000, 0x00000000f9e00000, 0x0000000100000000)
  eden space 200192K, 0% used [0x00000000eab00000,0x00000000eab00000,0x00000000f6e80000)
  from space 16896K, 51% used [0x00000000f6e80000,0x00000000f7708368,0x00000000f7f00000)
  to   space 16384K, 0% used [0x00000000f8e00000,0x00000000f8e00000,0x00000000f9e00000)
 ParOldGen       total 53760K, used 31876K [0x00000000c0000000, 0x00000000c3480000, 0x00000000eab00000)
  object space 53760K, 59% used [0x00000000c0000000,0x00000000c1f21268,0x00000000c3480000)
 Metaspace       used 34752K, capacity 35430K, committed 35496K, reserved 1081344K
  class space    used 4319K, capacity 4510K, committed 4520K, reserved 1048576K
}
Event: 18.477 GC heap before
{Heap before GC invocations=13 (full 2):
 PSYoungGen      total 217088K, used 8736K [0x00000000eab00000, 0x00000000f9e00000, 0x0000000100000000)
  eden space 200192K, 0% used [0x00000000eab00000,0x00000000eab00000,0x00000000f6e80000)
  from space 16896K, 51% used [0x00000000f6e80000,0x00000000f7708368,0x00000000f7f00000)
  to   space 16384K, 0% used [0x00000000f8e00000,0x00000000f8e00000,0x00000000f9e00000)
 ParOldGen       total 53760K, used 31876K [0x00000000c0000000, 0x00000000c3480000, 0x00000000eab00000)
  object space 53760K, 59% used [0x00000000c0000000,0x00000000c1f21268,0x00000000c3480000)
 Metaspace       used 34752K, capacity 35430K, committed 35496K, reserved 1081344K
  class space    used 4319K, capacity 4510K, committed 4520K, reserved 1048576K
Event: 18.783 GC heap after
Heap after GC invocations=13 (full 2):
 PSYoungGen      total 217088K, used 0K [0x00000000eab00000, 0x00000000f9e00000, 0x0000000100000000)
  eden space 200192K, 0% used [0x00000000eab00000,0x00000000eab00000,0x00000000f6e80000)
  from space 16896K, 0% used [0x00000000f6e80000,0x00000000f6e80000,0x00000000f7f00000)
  to   space 16384K, 0% used [0x00000000f8e00000,0x00000000f8e00000,0x00000000f9e00000)
 ParOldGen       total 79360K, used 33663K [0x00000000c0000000, 0x00000000c4d80000, 0x00000000eab00000)
  object space 79360K, 42% used [0x00000000c0000000,0x00000000c20dff60,0x00000000c4d80000)
 Metaspace       used 34752K, capacity 35430K, committed 35496K, reserved 1081344K
  class space    used 4319K, capacity 4510K, committed 4520K, reserved 1048576K
}
Event: 20.809 GC heap before
{Heap before GC invocations=14 (full 2):
 PSYoungGen      total 217088K, used 76863K [0x00000000eab00000, 0x00000000f9e00000, 0x0000000100000000)
  eden space 200192K, 38% used [0x00000000eab00000,0x00000000ef60fd18,0x00000000f6e80000)
  from space 16896K, 0% used [0x00000000f6e80000,0x00000000f6e80000,0x00000000f7f00000)
  to   space 16384K, 0% used [0x00000000f8e00000,0x00000000f8e00000,0x00000000f9e00000)
 ParOldGen       total 79360K, used 33663K [0x00000000c0000000, 0x00000000c4d80000, 0x00000000eab00000)
  object space 79360K, 42% used [0x00000000c0000000,0x00000000c20dff60,0x00000000c4d80000)
 Metaspace       used 38798K, capacity 39508K, committed 39720K, reserved 1087488K
  class space    used 4865K, capacity 5067K, committed 5160K, reserved 1048576K
Event: 20.832 GC heap after
Heap after GC invocations=14 (full 2):
 PSYoungGen      total 216576K, used 5777K [0x00000000eab00000, 0x00000000f9e00000, 0x0000000100000000)
  eden space 200192K, 0% used [0x00000000eab00000,0x00000000eab00000,0x00000000f6e80000)
  from space 16384K, 35% used [0x00000000f8e00000,0x00000000f93a4680,0x00000000f9e00000)
  to   space 16896K, 0% used [0x00000000f6e80000,0x00000000f6e80000,0x00000000f7f00000)
 ParOldGen       total 79360K, used 33671K [0x00000000c0000000, 0x00000000c4d80000, 0x00000000eab00000)
  object space 79360K, 42% used [0x00000000c0000000,0x00000000c20e1f60,0x00000000c4d80000)
 Metaspace       used 38798K, capacity 39508K, committed 39720K, reserved 1087488K
  class space    used 4865K, capacity 5067K, committed 5160K, reserved 1048576K
}
Event: 20.833 GC heap before
{Heap before GC invocations=15 (full 3):
 PSYoungGen      total 216576K, used 5777K [0x00000000eab00000, 0x00000000f9e00000, 0x0000000100000000)
  eden space 200192K, 0% used [0x00000000eab00000,0x00000000eab00000,0x00000000f6e80000)
  from space 16384K, 35% used [0x00000000f8e00000,0x00000000f93a4680,0x00000000f9e00000)
  to   space 16896K, 0% used [0x00000000f6e80000,0x00000000f6e80000,0x00000000f7f00000)
 ParOldGen       total 79360K, used 33671K [0x00000000c0000000, 0x00000000c4d80000, 0x00000000eab00000)
  object space 79360K, 42% used [0x00000000c0000000,0x00000000c20e1f60,0x00000000c4d80000)
 Metaspace       used 38798K, capacity 39508K, committed 39720K, reserved 1087488K
  class space    used 4865K, capacity 5067K, committed 5160K, reserved 1048576K

